app/build/intermediates/manifest_merge_blame_file/debug/manifest-merger-blame-debug-report.txt
1<?xml version="1.0" encoding="utf-8"?>
2<!--
3    ~ Copyright 2023 The TensorFlow Authors. All Rights Reserved.
4    ~
5    ~ Licensed under the Apache License, Version 2.0 (the "License");
6    ~ you may not use this file except in compliance with the License.
7    ~ You may obtain a copy of the License at
8    ~
9    ~       http://www.apache.org/licenses/LICENSE-2.0
10    ~
11    ~ Unless required by applicable law or agreed to in writing, software
12    ~ distributed under the License is distributed on an "AS IS" BASIS,
13    ~ WITHOUT WARRANTIES OR CONDITIONS OF ANY KIND, either express or implied.
14    ~ See the License for the specific language governing permissions and
15    ~ limitations under the License.
16-->
17<manifest xmlns:android="http://schemas.android.com/apk/res/android"
18    package="com.google.mediapipe.examples.poselandmarker"
19    android:versionCode="1"
20    android:versionName="1.0" >
21
22    <uses-sdk
23        android:minSdkVersion="24"
23-->src\main\AndroidManifest.xml
24        android:targetSdkVersion="34" />
24-->src\main\AndroidManifest.xml
25
26    <!-- Declare features -->
27    <uses-feature android:name="android.hardware.camera" />
27-->src\main\AndroidManifest.xml:21:5-60
27-->src\main\AndroidManifest.xml:21:19-57
28
29    <!-- Declare permissions -->
30    <uses-permission android:name="android.permission.CAMERA" />
30-->src\main\AndroidManifest.xml:24:5-65
30-->src\main\AndroidManifest.xml:24:22-62
31
32    <!-- <uses-permission android:name="android.permission.ACCESS_FINE_LOCATION"/> -->
33    <uses-permission android:name="android.permission.INTERNET" />
33-->src\main\AndroidManifest.xml:87:5-67
33-->src\main\AndroidManifest.xml:87:22-64
34
35    <!-- Include required permissions for Google Maps API to run. -->
36    <uses-permission android:name="android.permission.ACCESS_NETWORK_STATE" />
36-->[com.google.android.gms:play-services-maps:19.0.0] AndroidManifest.xml:23:5-79
36-->[com.google.android.gms:play-services-maps:19.0.0] AndroidManifest.xml:23:22-76
37
38    <uses-feature
38-->[com.google.android.gms:play-services-maps:19.0.0] AndroidManifest.xml:26:5-28:35
39        android:glEsVersion="0x00020000"
39-->[com.google.android.gms:play-services-maps:19.0.0] AndroidManifest.xml:27:9-41
40        android:required="true" />
40-->[com.google.android.gms:play-services-maps:19.0.0] AndroidManifest.xml:28:9-32
41
42    <queries>
42-->[com.google.android.gms:play-services-maps:19.0.0] AndroidManifest.xml:30:5-34:15
43
44        <!-- Needs to be explicitly declared on Android R+ -->
45        <package android:name="com.google.android.apps.maps" />
45-->[com.google.android.gms:play-services-maps:19.0.0] AndroidManifest.xml:33:9-64
45-->[com.google.android.gms:play-services-maps:19.0.0] AndroidManifest.xml:33:18-61
46    </queries>
47
48    <application
48-->src\main\AndroidManifest.xml:26:5-83:19
49        android:allowBackup="true"
49-->src\main\AndroidManifest.xml:27:9-35
50        android:appComponentFactory="androidx.core.app.CoreComponentFactory"
50-->[androidx.core:core:1.8.0] AndroidManifest.xml:24:18-86
51        android:debuggable="true"
52        android:extractNativeLibs="false"
53        android:icon="@mipmap/logo"
53-->src\main\AndroidManifest.xml:28:9-36
54        android:label="ダーツ de KANSAI再発見！"
54-->src\main\AndroidManifest.xml:29:9-42
55        android:roundIcon="@mipmap/logo_round"
55-->src\main\AndroidManifest.xml:30:9-47
56        android:supportsRtl="true"
56-->src\main\AndroidManifest.xml:31:9-35
57        android:taskAffinity=""
57-->src\main\AndroidManifest.xml:32:9-32
58        android:testOnly="true"
59        android:theme="@style/AppTheme" >
59-->src\main\AndroidManifest.xml:33:9-40
60        <activity
60-->src\main\AndroidManifest.xml:37:9-45:20
61            android:name="com.google.mediapipe.examples.poselandmarker.mediapipe"
61-->src\main\AndroidManifest.xml:38:13-38
62            android:exported="true" >
62-->src\main\AndroidManifest.xml:39:13-36
63
64            <!-- Declare notch support -->
65            <meta-data
65-->src\main\AndroidManifest.xml:42:13-44:40
66                android:name="android.notch_support"
66-->src\main\AndroidManifest.xml:43:17-53
67                android:value="true" />
67-->src\main\AndroidManifest.xml:44:17-37
68        </activity>
69        <activity
69-->src\main\AndroidManifest.xml:47:9-54:20
70            android:name="com.google.mediapipe.examples.poselandmarker.launch"
70-->src\main\AndroidManifest.xml:48:13-35
71            android:exported="true" >
71-->src\main\AndroidManifest.xml:49:13-36
72            <intent-filter>
72-->src\main\AndroidManifest.xml:50:13-53:29
73                <action android:name="android.intent.action.MAIN" />
73-->src\main\AndroidManifest.xml:51:17-69
73-->src\main\AndroidManifest.xml:51:25-66
74
75                <category android:name="android.intent.category.LAUNCHER" />
75-->src\main\AndroidManifest.xml:52:17-77
75-->src\main\AndroidManifest.xml:52:27-74
76            </intent-filter>
77        </activity>
78        <activity
78-->src\main\AndroidManifest.xml:55:9-58:20
79            android:name="com.google.mediapipe.examples.poselandmarker.map"
79-->src\main\AndroidManifest.xml:56:13-32
80            android:exported="true" >
80-->src\main\AndroidManifest.xml:57:13-36
81        </activity>
82        <activity
82-->src\main\AndroidManifest.xml:59:9-62:20
83            android:name="com.google.mediapipe.examples.poselandmarker.recom"
83-->src\main\AndroidManifest.xml:60:13-34
84            android:exported="true" >
84-->src\main\AndroidManifest.xml:61:13-36
85        </activity>
86        <activity
86-->src\main\AndroidManifest.xml:63:9-66:20
87            android:name="com.google.mediapipe.examples.poselandmarker.Activity_select"
87-->src\main\AndroidManifest.xml:64:13-44
88            android:exported="true" >
88-->src\main\AndroidManifest.xml:65:13-36
89        </activity>
90        <activity
90-->src\main\AndroidManifest.xml:67:9-70:20
91            android:name="com.google.mediapipe.examples.poselandmarker.Activity_type"
91-->src\main\AndroidManifest.xml:68:13-42
92            android:exported="true" >
92-->src\main\AndroidManifest.xml:69:13-36
93        </activity>
94
95        <meta-data
96            android:name="com.google.android.geo.API_KEY"
96-->src\main\AndroidManifest.xml:73:13-58
97            android:value="AIzaSyABKdvnHsLqEsaBccrFbbdMFGQ5WKgcyGQ" />
97-->src\main\AndroidManifest.xml:74:13-44
98        <meta-data
98-->src\main\AndroidManifest.xml:76:9-78:69
99            android:name="com.google.android.gms.version"
99-->src\main\AndroidManifest.xml:77:13-58
100            android:value="@integer/google_play_services_version" />
100-->src\main\AndroidManifest.xml:78:13-66
101
102        <uses-library
102-->src\main\AndroidManifest.xml:80:9-82:40
103            android:name="org.apache.http.legacy"
103-->src\main\AndroidManifest.xml:81:13-50
104            android:required="false" />
104-->src\main\AndroidManifest.xml:82:13-37
105        <uses-library
105-->[androidx.window:window:1.1.0-alpha03] AndroidManifest.xml:23:9-25:40
106            android:name="androidx.window.extensions"
106-->[androidx.window:window:1.1.0-alpha03] AndroidManifest.xml:24:13-54
107            android:required="false" />
107-->[androidx.window:window:1.1.0-alpha03] AndroidManifest.xml:25:13-37
108        <uses-library
108-->[androidx.window:window:1.1.0-alpha03] AndroidManifest.xml:26:9-28:40
109            android:name="androidx.window.sidecar"
109-->[androidx.window:window:1.1.0-alpha03] AndroidManifest.xml:27:13-51
110            android:required="false" />
110-->[androidx.window:window:1.1.0-alpha03] AndroidManifest.xml:28:13-37
111
112        <activity
112-->[com.google.android.gms:play-services-base:18.5.0] AndroidManifest.xml:5:9-173
113            android:name="com.google.android.gms.common.api.GoogleApiActivity"
113-->[com.google.android.gms:play-services-base:18.5.0] AndroidManifest.xml:5:19-85
114            android:exported="false"
114-->[com.google.android.gms:play-services-base:18.5.0] AndroidManifest.xml:5:146-170
115            android:theme="@android:style/Theme.Translucent.NoTitleBar" />
115-->[com.google.android.gms:play-services-base:18.5.0] AndroidManifest.xml:5:86-145
116
117        <service
117-->[androidx.camera:camera-camera2:1.2.0-alpha02] AndroidManifest.xml:25:9-34:19
118            android:name="androidx.camera.core.impl.MetadataHolderService"
118-->[androidx.camera:camera-camera2:1.2.0-alpha02] AndroidManifest.xml:26:13-75
119            android:enabled="false"
119-->[androidx.camera:camera-camera2:1.2.0-alpha02] AndroidManifest.xml:27:13-36
120            android:exported="false" >
120-->[androidx.camera:camera-camera2:1.2.0-alpha02] AndroidManifest.xml:28:13-37
121            <meta-data
121-->[androidx.camera:camera-camera2:1.2.0-alpha02] AndroidManifest.xml:31:13-33:89
122                android:name="androidx.camera.core.impl.MetadataHolderService.DEFAULT_CONFIG_PROVIDER"
122-->[androidx.camera:camera-camera2:1.2.0-alpha02] AndroidManifest.xml:32:17-103
123                android:value="androidx.camera.camera2.Camera2Config$DefaultProvider" />
123-->[androidx.camera:camera-camera2:1.2.0-alpha02] AndroidManifest.xml:33:17-86
124        </service>
125
126        <provider
126-->[androidx.emoji2:emoji2:1.2.0] AndroidManifest.xml:24:9-32:20
127            android:name="androidx.startup.InitializationProvider"
127-->[androidx.emoji2:emoji2:1.2.0] AndroidManifest.xml:25:13-67
128            android:authorities="com.google.mediapipe.examples.poselandmarker.androidx-startup"
128-->[androidx.emoji2:emoji2:1.2.0] AndroidManifest.xml:26:13-68
129            android:exported="false" >
129-->[androidx.emoji2:emoji2:1.2.0] AndroidManifest.xml:27:13-37
130            <meta-data
130-->[androidx.emoji2:emoji2:1.2.0] AndroidManifest.xml:29:13-31:52
131                android:name="androidx.emoji2.text.EmojiCompatInitializer"
131-->[androidx.emoji2:emoji2:1.2.0] AndroidManifest.xml:30:17-75
132                android:value="androidx.startup" />
132-->[androidx.emoji2:emoji2:1.2.0] AndroidManifest.xml:31:17-49
133            <meta-data
133-->[androidx.lifecycle:lifecycle-process:2.4.1] AndroidManifest.xml:31:13-33:52
134                android:name="androidx.lifecycle.ProcessLifecycleInitializer"
134-->[androidx.lifecycle:lifecycle-process:2.4.1] AndroidManifest.xml:32:17-78
135                android:value="androidx.startup" />
135-->[androidx.lifecycle:lifecycle-process:2.4.1] AndroidManifest.xml:33:17-49
136        </provider>
137
138        <service
138-->[com.google.android.datatransport:transport-backend-cct:3.1.0] AndroidManifest.xml:29:9-35:19
139            android:name="com.google.android.datatransport.runtime.backends.TransportBackendDiscovery"
139-->[com.google.android.datatransport:transport-backend-cct:3.1.0] AndroidManifest.xml:30:13-103
140            android:exported="false" >
140-->[com.google.android.datatransport:transport-backend-cct:3.1.0] AndroidManifest.xml:31:13-37
141            <meta-data
141-->[com.google.android.datatransport:transport-backend-cct:3.1.0] AndroidManifest.xml:32:13-34:39
142                android:name="backend:com.google.android.datatransport.cct.CctBackendFactory"
142-->[com.google.android.datatransport:transport-backend-cct:3.1.0] AndroidManifest.xml:33:17-94
143                android:value="cct" />
143-->[com.google.android.datatransport:transport-backend-cct:3.1.0] AndroidManifest.xml:34:17-36
144        </service>
145        <service
145-->[com.google.android.datatransport:transport-runtime:3.1.0] AndroidManifest.xml:26:9-30:19
146            android:name="com.google.android.datatransport.runtime.scheduling.jobscheduling.JobInfoSchedulerService"
146-->[com.google.android.datatransport:transport-runtime:3.1.0] AndroidManifest.xml:27:13-117
147            android:exported="false"
147-->[com.google.android.datatransport:transport-runtime:3.1.0] AndroidManifest.xml:28:13-37
148            android:permission="android.permission.BIND_JOB_SERVICE" >
148-->[com.google.android.datatransport:transport-runtime:3.1.0] AndroidManifest.xml:29:13-69
149        </service>
150
151        <receiver
151-->[com.google.android.datatransport:transport-runtime:3.1.0] AndroidManifest.xml:32:9-34:40
152            android:name="com.google.android.datatransport.runtime.scheduling.jobscheduling.AlarmManagerSchedulerBroadcastReceiver"
152-->[com.google.android.datatransport:transport-runtime:3.1.0] AndroidManifest.xml:33:13-132
153            android:exported="false" />
153-->[com.google.android.datatransport:transport-runtime:3.1.0] AndroidManifest.xml:34:13-37
154    </application>
155
156</manifest>